{"D:\\siemens\\APIS\\authUsers\\authApp.js": {"path":"D:\\siemens\\APIS\\authUsers\\authApp.js","statementMap":{"0":{"start":{"line":2,"column":16},"end":{"line":2,"column":34}},"1":{"start":{"line":3,"column":12},"end":{"line":3,"column":35}},"2":{"start":{"line":4,"column":11},"end":{"line":4,"column":24}},"3":{"start":{"line":5,"column":0},"end":{"line":5,"column":46}},"4":{"start":{"line":6,"column":12},"end":{"line":6,"column":21}},"5":{"start":{"line":7,"column":21},"end":{"line":7,"column":55}},"6":{"start":{"line":9,"column":22},"end":{"line":9,"column":41}},"7":{"start":{"line":10,"column":0},"end":{"line":10,"column":24}},"8":{"start":{"line":13,"column":0},"end":{"line":36,"column":3}},"9":{"start":{"line":14,"column":2},"end":{"line":35,"column":3}},"10":{"start":{"line":15,"column":32},"end":{"line":15,"column":40}},"11":{"start":{"line":17,"column":17},"end":{"line":17,"column":68}},"12":{"start":{"line":17,"column":47},"end":{"line":17,"column":64}},"13":{"start":{"line":19,"column":4},"end":{"line":28,"column":5}},"14":{"start":{"line":20,"column":6},"end":{"line":22,"column":9}},"15":{"start":{"line":24,"column":20},"end":{"line":24,"column":39}},"16":{"start":{"line":25,"column":6},"end":{"line":27,"column":9}},"17":{"start":{"line":31,"column":4},"end":{"line":31,"column":57}},"18":{"start":{"line":32,"column":4},"end":{"line":34,"column":7}},"19":{"start":{"line":39,"column":2},"end":{"line":53,"column":3}},"20":{"start":{"line":40,"column":6},"end":{"line":49,"column":7}},"21":{"start":{"line":41,"column":30},"end":{"line":41,"column":74}},"22":{"start":{"line":42,"column":10},"end":{"line":44,"column":11}},"23":{"start":{"line":43,"column":14},"end":{"line":43,"column":24}},"24":{"start":{"line":45,"column":30},"end":{"line":45,"column":53}},"25":{"start":{"line":46,"column":10},"end":{"line":46,"column":78}},"26":{"start":{"line":46,"column":47},"end":{"line":46,"column":76}},"27":{"start":{"line":48,"column":10},"end":{"line":48,"column":20}},"28":{"start":{"line":51,"column":6},"end":{"line":51,"column":60}},"29":{"start":{"line":52,"column":6},"end":{"line":52,"column":16}},"30":{"start":{"line":57,"column":2},"end":{"line":59,"column":5}},"31":{"start":{"line":61,"column":0},"end":{"line":61,"column":40}}},"fnMap":{"0":{"name":"(anonymous_0)","decl":{"start":{"line":13,"column":25},"end":{"line":13,"column":26}},"loc":{"start":{"line":13,"column":39},"end":{"line":36,"column":1}},"line":13},"1":{"name":"(anonymous_1)","decl":{"start":{"line":17,"column":40},"end":{"line":17,"column":41}},"loc":{"start":{"line":17,"column":47},"end":{"line":17,"column":64}},"line":17},"2":{"name":"readUsersFromFile","decl":{"start":{"line":38,"column":9},"end":{"line":38,"column":26}},"loc":{"start":{"line":38,"column":29},"end":{"line":54,"column":1}},"line":38},"3":{"name":"(anonymous_3)","decl":{"start":{"line":46,"column":33},"end":{"line":46,"column":34}},"loc":{"start":{"line":46,"column":47},"end":{"line":46,"column":76}},"line":46},"4":{"name":"generateToken","decl":{"start":{"line":56,"column":9},"end":{"line":56,"column":22}},"loc":{"start":{"line":56,"column":29},"end":{"line":60,"column":1}},"line":56}},"branchMap":{"0":{"loc":{"start":{"line":19,"column":4},"end":{"line":28,"column":5}},"type":"if","locations":[{"start":{"line":19,"column":4},"end":{"line":28,"column":5}},{"start":{"line":23,"column":11},"end":{"line":28,"column":5}}],"line":19},"1":{"loc":{"start":{"line":19,"column":8},"end":{"line":19,"column":43}},"type":"binary-expr","locations":[{"start":{"line":19,"column":8},"end":{"line":19,"column":13}},{"start":{"line":19,"column":17},"end":{"line":19,"column":43}}],"line":19},"2":{"loc":{"start":{"line":40,"column":6},"end":{"line":49,"column":7}},"type":"if","locations":[{"start":{"line":40,"column":6},"end":{"line":49,"column":7}},{"start":{"line":47,"column":13},"end":{"line":49,"column":7}}],"line":40},"3":{"loc":{"start":{"line":42,"column":10},"end":{"line":44,"column":11}},"type":"if","locations":[{"start":{"line":42,"column":10},"end":{"line":44,"column":11}},{"start":{},"end":{}}],"line":42}},"s":{"0":1,"1":1,"2":1,"3":1,"4":1,"5":1,"6":1,"7":1,"8":1,"9":2,"10":2,"11":2,"12":2,"13":2,"14":1,"15":1,"16":1,"17":0,"18":0,"19":1,"20":1,"21":1,"22":1,"23":0,"24":1,"25":1,"26":1,"27":0,"28":0,"29":0,"30":1,"31":1},"f":{"0":2,"1":2,"2":1,"3":1,"4":1},"b":{"0":[1,1],"1":[2,1],"2":[1,0],"3":[0,1]},"_coverageSchema":"1a1c01bbd47fc00a2c39e90264f33305004495a9","hash":"6984b2868dcdd4239794758d6a601465d1c1c268"}
,"D:\\siemens\\APIS\\createUsers\\createUser.js": {"path":"D:\\siemens\\APIS\\createUsers\\createUser.js","statementMap":{"0":{"start":{"line":1,"column":16},"end":{"line":1,"column":34}},"1":{"start":{"line":2,"column":11},"end":{"line":2,"column":24}},"2":{"start":{"line":4,"column":12},"end":{"line":4,"column":21}},"3":{"start":{"line":6,"column":0},"end":{"line":6,"column":24}},"4":{"start":{"line":8,"column":21},"end":{"line":8,"column":55}},"5":{"start":{"line":9,"column":22},"end":{"line":9,"column":41}},"6":{"start":{"line":11,"column":0},"end":{"line":30,"column":3}},"7":{"start":{"line":12,"column":38},"end":{"line":12,"column":46}},"8":{"start":{"line":13,"column":15},"end":{"line":13,"column":19}},"9":{"start":{"line":15,"column":4},"end":{"line":17,"column":5}},"10":{"start":{"line":15,"column":37},"end":{"line":15,"column":57}},"11":{"start":{"line":15,"column":91},"end":{"line":15,"column":109}},"12":{"start":{"line":16,"column":8},"end":{"line":16,"column":21}},"13":{"start":{"line":18,"column":4},"end":{"line":29,"column":5}},"14":{"start":{"line":19,"column":24},"end":{"line":19,"column":49}},"15":{"start":{"line":20,"column":8},"end":{"line":20,"column":33}},"16":{"start":{"line":21,"column":8},"end":{"line":21,"column":38}},"17":{"start":{"line":22,"column":8},"end":{"line":24,"column":11}},"18":{"start":{"line":26,"column":8},"end":{"line":28,"column":11}},"19":{"start":{"line":33,"column":4},"end":{"line":35,"column":5}},"20":{"start":{"line":34,"column":8},"end":{"line":34,"column":51}},"21":{"start":{"line":37,"column":4},"end":{"line":44,"column":5}},"22":{"start":{"line":38,"column":28},"end":{"line":38,"column":65}},"23":{"start":{"line":39,"column":8},"end":{"line":39,"column":71}},"24":{"start":{"line":40,"column":8},"end":{"line":40,"column":52}},"25":{"start":{"line":41,"column":8},"end":{"line":41,"column":73}},"26":{"start":{"line":43,"column":8},"end":{"line":43,"column":62}},"27":{"start":{"line":48,"column":4},"end":{"line":64,"column":5}},"28":{"start":{"line":49,"column":8},"end":{"line":60,"column":9}},"29":{"start":{"line":50,"column":32},"end":{"line":50,"column":76}},"30":{"start":{"line":52,"column":12},"end":{"line":54,"column":13}},"31":{"start":{"line":53,"column":16},"end":{"line":53,"column":26}},"32":{"start":{"line":56,"column":32},"end":{"line":56,"column":55}},"33":{"start":{"line":57,"column":12},"end":{"line":57,"column":80}},"34":{"start":{"line":57,"column":49},"end":{"line":57,"column":78}},"35":{"start":{"line":59,"column":12},"end":{"line":59,"column":22}},"36":{"start":{"line":62,"column":8},"end":{"line":62,"column":62}},"37":{"start":{"line":63,"column":8},"end":{"line":63,"column":18}},"38":{"start":{"line":66,"column":0},"end":{"line":66,"column":21}}},"fnMap":{"0":{"name":"(anonymous_0)","decl":{"start":{"line":11,"column":26},"end":{"line":11,"column":27}},"loc":{"start":{"line":11,"column":40},"end":{"line":30,"column":1}},"line":11},"1":{"name":"(anonymous_1)","decl":{"start":{"line":15,"column":29},"end":{"line":15,"column":30}},"loc":{"start":{"line":15,"column":37},"end":{"line":15,"column":57}},"line":15},"2":{"name":"(anonymous_2)","decl":{"start":{"line":15,"column":83},"end":{"line":15,"column":84}},"loc":{"start":{"line":15,"column":91},"end":{"line":15,"column":109}},"line":15},"3":{"name":"writeToUserFile","decl":{"start":{"line":32,"column":9},"end":{"line":32,"column":24}},"loc":{"start":{"line":32,"column":34},"end":{"line":45,"column":1}},"line":32},"4":{"name":"readUsersFromFile","decl":{"start":{"line":47,"column":9},"end":{"line":47,"column":26}},"loc":{"start":{"line":47,"column":29},"end":{"line":65,"column":1}},"line":47},"5":{"name":"(anonymous_5)","decl":{"start":{"line":57,"column":35},"end":{"line":57,"column":36}},"loc":{"start":{"line":57,"column":49},"end":{"line":57,"column":78}},"line":57}},"branchMap":{"0":{"loc":{"start":{"line":15,"column":4},"end":{"line":17,"column":5}},"type":"if","locations":[{"start":{"line":15,"column":4},"end":{"line":17,"column":5}},{"start":{},"end":{}}],"line":15},"1":{"loc":{"start":{"line":15,"column":8},"end":{"line":15,"column":110}},"type":"binary-expr","locations":[{"start":{"line":15,"column":8},"end":{"line":15,"column":58}},{"start":{"line":15,"column":62},"end":{"line":15,"column":110}}],"line":15},"2":{"loc":{"start":{"line":18,"column":4},"end":{"line":29,"column":5}},"type":"if","locations":[{"start":{"line":18,"column":4},"end":{"line":29,"column":5}},{"start":{"line":25,"column":11},"end":{"line":29,"column":5}}],"line":18},"3":{"loc":{"start":{"line":33,"column":4},"end":{"line":35,"column":5}},"type":"if","locations":[{"start":{"line":33,"column":4},"end":{"line":35,"column":5}},{"start":{},"end":{}}],"line":33},"4":{"loc":{"start":{"line":39,"column":24},"end":{"line":39,"column":70}},"type":"cond-expr","locations":[{"start":{"line":39,"column":40},"end":{"line":39,"column":65}},{"start":{"line":39,"column":68},"end":{"line":39,"column":70}}],"line":39},"5":{"loc":{"start":{"line":49,"column":8},"end":{"line":60,"column":9}},"type":"if","locations":[{"start":{"line":49,"column":8},"end":{"line":60,"column":9}},{"start":{"line":58,"column":15},"end":{"line":60,"column":9}}],"line":49},"6":{"loc":{"start":{"line":52,"column":12},"end":{"line":54,"column":13}},"type":"if","locations":[{"start":{"line":52,"column":12},"end":{"line":54,"column":13}},{"start":{},"end":{}}],"line":52}},"s":{"0":1,"1":1,"2":1,"3":1,"4":1,"5":1,"6":1,"7":2,"8":2,"9":2,"10":1,"11":0,"12":1,"13":2,"14":1,"15":1,"16":1,"17":1,"18":1,"19":1,"20":0,"21":1,"22":1,"23":1,"24":1,"25":1,"26":0,"27":1,"28":1,"29":1,"30":1,"31":1,"32":0,"33":0,"34":0,"35":0,"36":0,"37":0,"38":1},"f":{"0":2,"1":1,"2":0,"3":1,"4":1,"5":0},"b":{"0":[1,1],"1":[2,1],"2":[1,1],"3":[0,1],"4":[0,1],"5":[1,0],"6":[1,0]},"_coverageSchema":"1a1c01bbd47fc00a2c39e90264f33305004495a9","hash":"7a8eaf97f9941d400c1581a535dd071ca6d983ad"}
,"D:\\siemens\\APIS\\deleteAllUsers\\deleteusersApp.js": {"path":"D:\\siemens\\APIS\\deleteAllUsers\\deleteusersApp.js","statementMap":{"0":{"start":{"line":3,"column":11},"end":{"line":3,"column":24}},"1":{"start":{"line":5,"column":23},"end":{"line":18,"column":1}},"2":{"start":{"line":7,"column":22},"end":{"line":9,"column":3}},"3":{"start":{"line":8,"column":4},"end":{"line":8,"column":61}},"4":{"start":{"line":11,"column":2},"end":{"line":17,"column":3}},"5":{"start":{"line":12,"column":4},"end":{"line":12,"column":18}},"6":{"start":{"line":13,"column":4},"end":{"line":13,"column":53}},"7":{"start":{"line":15,"column":4},"end":{"line":15,"column":46}},"8":{"start":{"line":20,"column":0},"end":{"line":20,"column":32}}},"fnMap":{"0":{"name":"(anonymous_0)","decl":{"start":{"line":5,"column":23},"end":{"line":5,"column":24}},"loc":{"start":{"line":5,"column":37},"end":{"line":18,"column":1}},"line":5},"1":{"name":"(anonymous_1)","decl":{"start":{"line":7,"column":22},"end":{"line":7,"column":23}},"loc":{"start":{"line":7,"column":28},"end":{"line":9,"column":3}},"line":7}},"branchMap":{"0":{"loc":{"start":{"line":11,"column":2},"end":{"line":17,"column":3}},"type":"if","locations":[{"start":{"line":11,"column":2},"end":{"line":17,"column":3}},{"start":{"line":14,"column":9},"end":{"line":17,"column":3}}],"line":11}},"s":{"0":1,"1":1,"2":2,"3":1,"4":2,"5":1,"6":1,"7":1,"8":1},"f":{"0":2,"1":1},"b":{"0":[1,1]},"_coverageSchema":"1a1c01bbd47fc00a2c39e90264f33305004495a9","hash":"97faf8d140119550df8c0db6ae2f5f0860e0ce3b"}
,"D:\\siemens\\APIS\\getUserByToken\\getUser.js": {"path":"D:\\siemens\\APIS\\getUserByToken\\getUser.js","statementMap":{"0":{"start":{"line":2,"column":16},"end":{"line":2,"column":34}},"1":{"start":{"line":3,"column":12},"end":{"line":3,"column":35}},"2":{"start":{"line":4,"column":12},"end":{"line":4,"column":21}},"3":{"start":{"line":5,"column":0},"end":{"line":5,"column":46}},"4":{"start":{"line":7,"column":24},"end":{"line":14,"column":3}},"5":{"start":{"line":15,"column":0},"end":{"line":51,"column":3}},"6":{"start":{"line":16,"column":2},"end":{"line":50,"column":3}},"7":{"start":{"line":17,"column":18},"end":{"line":17,"column":43}},"8":{"start":{"line":19,"column":4},"end":{"line":23,"column":5}},"9":{"start":{"line":20,"column":6},"end":{"line":22,"column":9}},"10":{"start":{"line":26,"column":25},"end":{"line":26,"column":66}},"11":{"start":{"line":29,"column":17},"end":{"line":29,"column":74}},"12":{"start":{"line":29,"column":45},"end":{"line":29,"column":73}},"13":{"start":{"line":31,"column":4},"end":{"line":35,"column":5}},"14":{"start":{"line":32,"column":6},"end":{"line":34,"column":9}},"15":{"start":{"line":38,"column":4},"end":{"line":44,"column":7}},"16":{"start":{"line":46,"column":4},"end":{"line":46,"column":57}},"17":{"start":{"line":47,"column":4},"end":{"line":49,"column":7}},"18":{"start":{"line":53,"column":0},"end":{"line":53,"column":21}}},"fnMap":{"0":{"name":"(anonymous_0)","decl":{"start":{"line":15,"column":25},"end":{"line":15,"column":26}},"loc":{"start":{"line":15,"column":39},"end":{"line":51,"column":1}},"line":15},"1":{"name":"(anonymous_1)","decl":{"start":{"line":29,"column":38},"end":{"line":29,"column":39}},"loc":{"start":{"line":29,"column":45},"end":{"line":29,"column":73}},"line":29}},"branchMap":{"0":{"loc":{"start":{"line":19,"column":4},"end":{"line":23,"column":5}},"type":"if","locations":[{"start":{"line":19,"column":4},"end":{"line":23,"column":5}},{"start":{},"end":{}}],"line":19},"1":{"loc":{"start":{"line":31,"column":4},"end":{"line":35,"column":5}},"type":"if","locations":[{"start":{"line":31,"column":4},"end":{"line":35,"column":5}},{"start":{},"end":{}}],"line":31}},"s":{"0":1,"1":1,"2":1,"3":1,"4":1,"5":1,"6":1,"7":1,"8":1,"9":0,"10":1,"11":0,"12":0,"13":0,"14":0,"15":0,"16":1,"17":1,"18":1},"f":{"0":1,"1":0},"b":{"0":[0,1],"1":[0,0]},"_coverageSchema":"1a1c01bbd47fc00a2c39e90264f33305004495a9","hash":"b509a289e2d9d647788632d63043b9cbad7549b7"}
}
