TN:
SF:authUsers\authApp.js
FN:13,(anonymous_0)
FN:17,(anonymous_1)
FN:38,readUsersFromFile
FN:46,(anonymous_3)
FN:56,generateToken
FNF:5
FNH:5
FNDA:2,(anonymous_0)
FNDA:2,(anonymous_1)
FNDA:1,readUsersFromFile
FNDA:1,(anonymous_3)
FNDA:1,generateToken
DA:2,1
DA:3,1
DA:4,1
DA:5,1
DA:6,1
DA:7,1
DA:9,1
DA:10,1
DA:13,1
DA:14,2
DA:15,2
DA:17,2
DA:19,2
DA:20,1
DA:24,1
DA:25,1
DA:31,0
DA:32,0
DA:39,1
DA:40,1
DA:41,1
DA:42,1
DA:43,0
DA:45,1
DA:46,1
DA:48,0
DA:51,0
DA:52,0
DA:57,1
DA:61,1
LF:30
LH:24
BRDA:19,0,0,1
BRDA:19,0,1,1
BRDA:19,1,0,2
BRDA:19,1,1,1
BRDA:40,2,0,1
BRDA:40,2,1,0
BRDA:42,3,0,0
BRDA:42,3,1,1
BRF:8
BRH:6
end_of_record
TN:
SF:createUsers\createUser.js
FN:11,(anonymous_0)
FN:15,(anonymous_1)
FN:15,(anonymous_2)
FN:32,writeToUserFile
FN:47,readUsersFromFile
FN:57,(anonymous_5)
FNF:6
FNH:4
FNDA:2,(anonymous_0)
FNDA:1,(anonymous_1)
FNDA:0,(anonymous_2)
FNDA:1,writeToUserFile
FNDA:1,readUsersFromFile
FNDA:0,(anonymous_5)
DA:1,1
DA:2,1
DA:4,1
DA:6,1
DA:8,1
DA:9,1
DA:11,1
DA:12,2
DA:13,2
DA:15,2
DA:16,1
DA:18,2
DA:19,1
DA:20,1
DA:21,1
DA:22,1
DA:26,1
DA:33,1
DA:34,0
DA:37,1
DA:38,1
DA:39,1
DA:40,1
DA:41,1
DA:43,0
DA:48,1
DA:49,1
DA:50,1
DA:52,1
DA:53,1
DA:56,0
DA:57,0
DA:59,0
DA:62,0
DA:63,0
DA:66,1
LF:36
LH:29
BRDA:15,0,0,1
BRDA:15,0,1,1
BRDA:15,1,0,2
BRDA:15,1,1,1
BRDA:18,2,0,1
BRDA:18,2,1,1
BRDA:33,3,0,0
BRDA:33,3,1,1
BRDA:39,4,0,0
BRDA:39,4,1,1
BRDA:49,5,0,1
BRDA:49,5,1,0
BRDA:52,6,0,1
BRDA:52,6,1,0
BRF:14
BRH:10
end_of_record
TN:
SF:deleteAllUsers\deleteusersApp.js
FN:5,(anonymous_0)
FN:7,(anonymous_1)
FNF:2
FNH:2
FNDA:2,(anonymous_0)
FNDA:1,(anonymous_1)
DA:3,1
DA:5,1
DA:7,2
DA:8,1
DA:11,2
DA:12,1
DA:13,1
DA:15,1
DA:20,1
LF:9
LH:9
BRDA:11,0,0,1
BRDA:11,0,1,1
BRF:2
BRH:2
end_of_record
TN:
SF:getUserByToken\getUser.js
FN:15,(anonymous_0)
FN:29,(anonymous_1)
FNF:2
FNH:1
FNDA:1,(anonymous_0)
FNDA:0,(anonymous_1)
DA:2,1
DA:3,1
DA:4,1
DA:5,1
DA:7,1
DA:15,1
DA:16,1
DA:17,1
DA:19,1
DA:20,0
DA:26,1
DA:29,0
DA:31,0
DA:32,0
DA:38,0
DA:46,1
DA:47,1
DA:53,1
LF:18
LH:13
BRDA:19,0,0,0
BRDA:19,0,1,1
BRDA:31,1,0,0
BRDA:31,1,1,0
BRF:4
BRH:1
end_of_record
